2021-12-14 18:16:15,737 [ 1] INFO  Unity: LoadingManager start
2021-12-14 18:16:18,436 [ 1] INFO  Unity: DataManager > DataManager()
2021-12-14 18:16:21,813 [ 1] INFO  Unity: UserLoginRequest::user :111 psw:111
2021-12-14 18:16:21,815 [ 1] INFO  Unity: ConnectToServer() Start 
2021-12-14 18:16:21,820 [ 1] INFO  Unity: DoConnect
2021-12-14 18:16:21,823 [ 1] INFO  Unity: NetClient.DoConnect on 127.0.0.1:8000
2021-12-14 18:16:21,828 [ 1] INFO  Unity: Connect[0] to server 127.0.0.1:8000

2021-12-14 18:16:21,834 [ 1] INFO  Unity: LoadingMesager::OnGameServerConnect :0 reason:Success
2021-12-14 18:16:24,881 [ 1] INFO  Unity: OnUserLogin:Success [None]
2021-12-14 18:16:24,883 [ 1] INFO  Unity: LoadLevel: CharSelect
2021-12-14 18:16:25,247 [ 1] INFO  Unity: LevelLoadCompleted:1
2021-12-14 18:16:26,057 [ 1] INFO  Unity: Select Char:[2]无敌士兵[Warrior]
2021-12-14 18:16:27,034 [ 1] INFO  Unity: UserGameEnterRequest::characterIdx : 1
2021-12-14 18:16:27,141 [ 1] INFO  Unity: OnGameEnter:Success [None]
2021-12-14 18:16:27,143 [ 1] INFO  Unity: ItemManager:Init[Id:10,Count:1]
2021-12-14 18:16:27,144 [ 1] INFO  Unity: ItemManager:Init[Id:9,Count:1]
2021-12-14 18:16:27,145 [ 1] INFO  Unity: ItemManager:Init[Id:12,Count:7]
2021-12-14 18:16:27,145 [ 1] INFO  Unity: ItemManager:Init[Id:6,Count:7]
2021-12-14 18:16:27,148 [ 1] INFO  Unity: OnMapCharacterEnter:Map1 Count:1
2021-12-14 18:16:27,150 [ 1] INFO  Unity: AddCharacter: TcharacterID: 2 EntityID: 1 Name: 无敌士兵 Map:1 Entity:(1:pos:(5000,4000,820),dir:(100,0,0),spd:0
2021-12-14 18:16:27,154 [ 1] INFO  Unity: LoadLevel: MainCity
2021-12-14 18:16:27,684 [ 1] WARN  Unity: No mesh data available for mesh Sphere001 on particle system fx_portal. Make sure Read/Write Enabled is set in the importer to work on the particle system renderer

2021-12-14 18:16:27,808 [ 1] INFO  Unity: LevelLoadCompleted:1
2021-12-14 18:16:28,173 [ 1] INFO  Unity: SetDirection:(98, 18, 0)
2021-12-14 18:16:28,174 [ 1] INFO  Unity: MapEntityUpdateRequest: ID:1 POS:(5000,4000,820) DIR:(100,0,0) SPD:0
2021-12-14 18:16:28,239 [ 1] INFO  Unity: MoveForward
2021-12-14 18:16:28,240 [ 1] INFO  Unity: MapEntityUpdateRequest: ID:1 POS:(5000,4000,820) DIR:(98,18,0) SPD:0
2021-12-14 18:16:28,273 [ 1] INFO  Unity: SetDirection:(94, 35, 0)
2021-12-14 18:16:28,274 [ 1] INFO  Unity: MapEntityUpdateRequest: ID:1 POS:(5010,4002,820) DIR:(98,18,0) SPD:300
2021-12-14 18:16:28,291 [ 1] INFO  Unity: SetPosition:(5020, 4005, 810)
2021-12-14 18:16:28,292 [ 1] INFO  Unity: MapEntityUpdateRequest: ID:1 POS:(5015,4004,820) DIR:(94,35,0) SPD:300
2021-12-14 18:16:28,355 [ 1] INFO  Unity: SetDirection:(86, 51, 0)
2021-12-14 18:16:28,356 [ 1] INFO  Unity: MapEntityUpdateRequest: ID:1 POS:(5040,4013,810) DIR:(94,35,0) SPD:300
2021-12-14 18:16:28,454 [ 1] INFO  Unity: SetDirection:(74, 68, 0)
2021-12-14 18:16:28,455 [ 1] INFO  Unity: MapEntityUpdateRequest: ID:1 POS:(5064,4031,810) DIR:(86,51,0) SPD:300
2021-12-14 18:16:28,457 [ 1] INFO  Unity: SetPosition:(5064, 4026, 801)
2021-12-14 18:16:28,457 [ 1] INFO  Unity: MapEntityUpdateRequest: ID:1 POS:(5064,4031,810) DIR:(86,51,0) SPD:300
2021-12-14 18:16:28,538 [ 1] INFO  Unity: SetDirection:(61, 79, 0)
2021-12-14 18:16:28,539 [ 1] INFO  Unity: MapEntityUpdateRequest: ID:1 POS:(5084,4041,801) DIR:(74,68,0) SPD:300
2021-12-14 18:16:28,620 [ 1] INFO  Unity: SetDirection:(46, 89, 0)
2021-12-14 18:16:28,621 [ 1] INFO  Unity: MapEntityUpdateRequest: ID:1 POS:(5099,4061,801) DIR:(61,79,0) SPD:300
2021-12-14 18:16:28,720 [ 1] INFO  Unity: SetDirection:(27, 96, 0)
2021-12-14 18:16:28,720 [ 1] INFO  Unity: MapEntityUpdateRequest: ID:1 POS:(5111,4085,801) DIR:(46,89,0) SPD:300
2021-12-14 18:16:28,807 [ 1] INFO  Unity: SetDirection:(9, 100, 0)
2021-12-14 18:16:28,807 [ 1] INFO  Unity: MapEntityUpdateRequest: ID:1 POS:(5116,4110,801) DIR:(27,96,0) SPD:300
2021-12-14 18:16:28,906 [ 1] INFO  Unity: SetDirection:(-10, 100, 0)
2021-12-14 18:16:28,907 [ 1] INFO  Unity: MapEntityUpdateRequest: ID:1 POS:(5116,4140,801) DIR:(9,100,0) SPD:300
2021-12-14 18:16:29,056 [ 1] INFO  Unity: SetPosition:(5117, 4189, 801)
2021-12-14 18:16:29,057 [ 1] INFO  Unity: MapEntityUpdateRequest: ID:1 POS:(5107,4185,801) DIR:(-10,100,0) SPD:300
2021-12-14 18:16:29,072 [ 1] INFO  Unity: SetDirection:(-28, 96, 0)
2021-12-14 18:16:29,073 [ 1] INFO  Unity: MapEntityUpdateRequest: ID:1 POS:(5116,4194,801) DIR:(-10,100,0) SPD:300
2021-12-14 18:16:29,488 [ 1] INFO  Unity: SetPosition:(5081, 4314, 801)
2021-12-14 18:16:29,489 [ 1] INFO  Unity: MapEntityUpdateRequest: ID:1 POS:(5091,4319,801) DIR:(-28,96,0) SPD:300
2021-12-14 18:16:29,886 [ 1] INFO  Unity: SetPosition:(5047, 4430, 801)
2021-12-14 18:16:29,887 [ 1] INFO  Unity: MapEntityUpdateRequest: ID:1 POS:(5057,4434,801) DIR:(-28,96,0) SPD:300
2021-12-14 18:16:30,249 [ 1] INFO  Unity: SetDirection:(-44, 90, 0)
2021-12-14 18:16:30,250 [ 1] INFO  Unity: MapEntityUpdateRequest: ID:1 POS:(5026,4535,801) DIR:(-28,96,0) SPD:300
2021-12-14 18:16:30,300 [ 1] INFO  Unity: SetPosition:(5011, 4544, 801)
2021-12-14 18:16:30,302 [ 1] INFO  Unity: MapEntityUpdateRequest: ID:1 POS:(5020,4550,801) DIR:(-44,90,0) SPD:300
2021-12-14 18:16:30,465 [ 1] INFO  Unity: SetDirection:(-59, 81, 0)
2021-12-14 18:16:30,465 [ 1] INFO  Unity: MapEntityUpdateRequest: ID:1 POS:(4991,4594,801) DIR:(-44,90,0) SPD:300
2021-12-14 18:16:33,397 [ 1] INFO  Unity: SetDirection:(-72, 69, 0)
2021-12-14 18:16:33,398 [ 1] INFO  Unity: MapEntityUpdateRequest: ID:1 POS:(4463,5298,801) DIR:(-59,81,0) SPD:300
2021-12-14 18:16:33,464 [ 1] INFO  Unity: SetPosition:(4455, 5318, 801)
2021-12-14 18:16:33,465 [ 1] INFO  Unity: MapEntityUpdateRequest: ID:1 POS:(4447,5310,801) DIR:(-72,69,0) SPD:300
2021-12-14 18:16:33,762 [ 1] INFO  Unity: SetPosition:(4390, 5380, 801)
2021-12-14 18:16:33,763 [ 1] INFO  Unity: MapEntityUpdateRequest: ID:1 POS:(4383,5372,801) DIR:(-72,69,0) SPD:300
2021-12-14 18:16:34,060 [ 1] INFO  Unity: SetPosition:(4325, 5442, 801)
2021-12-14 18:16:34,060 [ 1] INFO  Unity: MapEntityUpdateRequest: ID:1 POS:(4318,5434,801) DIR:(-72,69,0) SPD:300
2021-12-14 18:16:34,359 [ 1] INFO  Unity: SetPosition:(4264, 5501, 801)
2021-12-14 18:16:34,360 [ 1] INFO  Unity: MapEntityUpdateRequest: ID:1 POS:(4257,5493,801) DIR:(-72,69,0) SPD:300
2021-12-14 18:16:34,606 [ 1] INFO  Unity: SetDirection:(-83, 55, 0)
2021-12-14 18:16:34,607 [ 1] INFO  Unity: MapEntityUpdateRequest: ID:1 POS:(4204,5546,801) DIR:(-72,69,0) SPD:300
2021-12-14 18:16:35,336 [ 1] INFO  Unity: SetDirection:(-92, 39, 0)
2021-12-14 18:16:35,337 [ 1] INFO  Unity: MapEntityUpdateRequest: ID:1 POS:(4028,5678,801) DIR:(-83,55,0) SPD:300
2021-12-14 18:16:35,767 [ 1] INFO  Unity: SetPosition:(3907, 5725, 801)
2021-12-14 18:16:35,768 [ 1] INFO  Unity: MapEntityUpdateRequest: ID:1 POS:(3898,5730,801) DIR:(-92,39,0) SPD:300
2021-12-14 18:16:35,882 [ 1] INFO  Unity: SetDirection:(-97, 22, 0)
2021-12-14 18:16:35,883 [ 1] INFO  Unity: MapEntityUpdateRequest: ID:1 POS:(3872,5739,801) DIR:(-92,39,0) SPD:300
2021-12-14 18:16:36,097 [ 1] INFO  Unity: SetDirection:(-100, 3, 0)
2021-12-14 18:16:36,098 [ 1] INFO  Unity: MapEntityUpdateRequest: ID:1 POS:(3807,5752,801) DIR:(-97,22,0) SPD:300
2021-12-14 18:16:37,108 [ 1] INFO  Unity: SetPosition:(3511, 5762, 801)
2021-12-14 18:16:37,109 [ 1] INFO  Unity: MapEntityUpdateRequest: ID:1 POS:(3507,5752,801) DIR:(-100,3,0) SPD:300
2021-12-14 18:16:37,356 [ 1] INFO  Unity: Stop
2021-12-14 18:16:37,357 [ 1] INFO  Unity: MapEntityUpdateRequest: ID:1 POS:(3436,5762,801) DIR:(-100,3,0) SPD:300
2021-12-14 18:16:38,300 [ 1] INFO  Unity: SetDirection:(-98, 21, 0)
2021-12-14 18:16:38,301 [ 1] INFO  Unity: MapEntityUpdateRequest: ID:1 POS:(3436,5762,801) DIR:(-100,3,0) SPD:0
2021-12-14 18:16:38,416 [ 1] INFO  Unity: SetDirection:(-92, 38, 0)
2021-12-14 18:16:38,417 [ 1] INFO  Unity: MapEntityUpdateRequest: ID:1 POS:(3436,5762,801) DIR:(-98,21,0) SPD:0
2021-12-14 18:16:38,582 [ 1] INFO  Unity: SetDirection:(-84, 54, 0)
2021-12-14 18:16:38,583 [ 1] INFO  Unity: MapEntityUpdateRequest: ID:1 POS:(3436,5762,801) DIR:(-92,38,0) SPD:0
2021-12-14 18:16:42,510 [ 1] INFO  Unity: SendBuyItem
2021-12-14 18:16:42,819 [ 1] INFO  Unity: StatusNotify:[Item][Add]9:1
2021-12-14 18:16:42,821 [ 1] INFO  Unity: StatusNotify:[Money][Delete]0:200
2021-12-14 18:16:47,850 [ 1] INFO  Unity: SendBuyItem
2021-12-14 18:16:47,885 [ 1] INFO  Unity: StatusNotify:[Item][Add]9:1
2021-12-14 18:16:47,887 [ 1] INFO  Unity: StatusNotify:[Money][Delete]0:200
2021-12-14 18:16:55,024 [ 1] INFO  Unity: SendBuyItem
2021-12-14 18:16:55,057 [ 1] INFO  Unity: StatusNotify:[Item][Add]9:1
2021-12-14 18:16:55,058 [ 1] INFO  Unity: StatusNotify:[Money][Delete]0:200
2021-12-14 18:17:04,599 [ 1] INFO  Unity: SendBuyItem
2021-12-14 18:17:04,633 [ 1] INFO  Unity: StatusNotify:[Item][Add]12:1
2021-12-14 18:17:04,634 [ 1] INFO  Unity: StatusNotify:[Money][Delete]0:200
2021-12-14 18:17:06,951 [ 1] INFO  Unity: SendBuyItem
2021-12-14 18:17:06,986 [ 1] INFO  Unity: StatusNotify:[Item][Add]12:1
2021-12-14 18:17:06,987 [ 1] INFO  Unity: StatusNotify:[Money][Delete]0:200
2021-12-14 18:17:08,575 [ 1] INFO  Unity: SendBuyItem
2021-12-14 18:17:08,610 [ 1] INFO  Unity: StatusNotify:[Item][Add]12:1
2021-12-14 18:17:08,611 [ 1] INFO  Unity: StatusNotify:[Money][Delete]0:200
2021-12-14 18:17:17,968 [ 1] INFO  Unity: SendBuyItem
2021-12-14 18:17:18,002 [ 1] INFO  Unity: StatusNotify:[Item][Add]6:1
2021-12-14 18:17:18,003 [ 1] INFO  Unity: StatusNotify:[Money][Delete]0:200
2021-12-14 18:17:19,659 [ 1] INFO  Unity: SendBuyItem
2021-12-14 18:17:19,693 [ 1] INFO  Unity: StatusNotify:[Item][Add]6:1
2021-12-14 18:17:19,694 [ 1] INFO  Unity: StatusNotify:[Money][Delete]0:200
2021-12-14 18:17:21,845 [ 1] INFO  Unity: SendBuyItem
2021-12-14 18:17:21,879 [ 1] INFO  Unity: StatusNotify:[Item][Add]6:1
2021-12-14 18:17:21,880 [ 1] INFO  Unity: StatusNotify:[Money][Delete]0:200
2021-12-14 18:17:29,139 [ 1] INFO  Unity: LoadLevel: CharSelect
2021-12-14 18:17:29,141 [ 1] INFO  Unity: UserGameLeaveRequest::
2021-12-14 18:17:29,173 [ 1] INFO  Unity: OnMapCharacterLeave:characterEntityId:1
2021-12-14 18:17:29,176 [ 1] INFO  Unity: RemoveCharacter:EntityID:1
2021-12-14 18:17:29,179 [ 1] INFO  Unity: OnGameLeave:Success [None]
2021-12-14 18:17:29,180 [ 1] INFO  Unity: Character_2_无敌士兵 OnDestroy: entityID:1 POS:(3436, 5762, 801) DIR:(-84, 54, 0) SPD:0
2021-12-14 18:17:29,392 [ 1] INFO  Unity: LevelLoadCompleted:1
2021-12-14 18:17:30,058 [ 1] INFO  Unity: Select Char:[2]无敌士兵[Warrior]
2021-12-14 18:17:30,721 [ 1] INFO  Unity: UserGameEnterRequest::characterIdx : 1
2021-12-14 18:17:30,753 [ 1] INFO  Unity: OnGameEnter:Success [None]
2021-12-14 18:17:30,754 [ 1] INFO  Unity: ItemManager:Init[Id:10,Count:1]
2021-12-14 18:17:30,755 [ 1] INFO  Unity: ItemManager:Init[Id:9,Count:4]
2021-12-14 18:17:30,756 [ 1] INFO  Unity: ItemManager:Init[Id:12,Count:10]
2021-12-14 18:17:30,757 [ 1] INFO  Unity: ItemManager:Init[Id:6,Count:10]
2021-12-14 18:17:30,758 [ 1] INFO  Unity: OnMapCharacterEnter:Map1 Count:1
2021-12-14 18:17:30,759 [ 1] INFO  Unity: AddCharacter: TcharacterID: 2 EntityID: 2 Name: 无敌士兵 Map:1 Entity:(2:pos:(5000,4000,820),dir:(100,0,0),spd:0
2021-12-14 18:17:30,766 [ 1] INFO  Unity: LoadLevel: MainCity
2021-12-14 18:17:31,262 [ 1] WARN  Unity: No mesh data available for mesh Sphere001 on particle system fx_portal. Make sure Read/Write Enabled is set in the importer to work on the particle system renderer

2021-12-14 18:17:31,412 [ 1] INFO  Unity: LevelLoadCompleted:1
2021-12-14 18:17:31,902 [ 1] INFO  Unity: SetPosition:(5000, 4000, 809)
2021-12-14 18:17:31,903 [ 1] INFO  Unity: MapEntityUpdateRequest: ID:2 POS:(5000,4000,820) DIR:(100,0,0) SPD:0
2021-12-14 18:17:36,621 [ 1] INFO  Unity: SetDirection:(98, 18, 0)
2021-12-14 18:17:36,622 [ 1] INFO  Unity: MapEntityUpdateRequest: ID:2 POS:(5000,4000,809) DIR:(100,0,0) SPD:0
2021-12-14 18:17:36,720 [ 1] INFO  Unity: SetDirection:(94, 35, 0)
2021-12-14 18:17:36,721 [ 1] INFO  Unity: MapEntityUpdateRequest: ID:2 POS:(5000,4000,809) DIR:(98,18,0) SPD:0
2021-12-14 18:17:36,803 [ 1] INFO  Unity: SetDirection:(86, 51, 0)
2021-12-14 18:17:36,804 [ 1] INFO  Unity: MapEntityUpdateRequest: ID:2 POS:(5000,4000,809) DIR:(94,35,0) SPD:0
2021-12-14 18:17:36,902 [ 1] INFO  Unity: SetDirection:(74, 68, 0)
2021-12-14 18:17:36,903 [ 1] INFO  Unity: MapEntityUpdateRequest: ID:2 POS:(5000,4000,809) DIR:(86,51,0) SPD:0
2021-12-14 18:17:36,985 [ 1] INFO  Unity: SetDirection:(61, 79, 0)
2021-12-14 18:17:36,986 [ 1] INFO  Unity: MapEntityUpdateRequest: ID:2 POS:(5000,4000,809) DIR:(74,68,0) SPD:0
2021-12-14 18:17:37,068 [ 1] INFO  Unity: SetDirection:(46, 89, 0)
2021-12-14 18:17:37,069 [ 1] INFO  Unity: MapEntityUpdateRequest: ID:2 POS:(5000,4000,809) DIR:(61,79,0) SPD:0
2021-12-14 18:17:37,085 [ 1] INFO  Unity: MoveForward
2021-12-14 18:17:37,086 [ 1] INFO  Unity: MapEntityUpdateRequest: ID:2 POS:(5000,4000,809) DIR:(46,89,0) SPD:0
2021-12-14 18:17:37,135 [ 1] INFO  Unity: SetPosition:(5009, 4018, 801)
2021-12-14 18:17:37,136 [ 1] INFO  Unity: MapEntityUpdateRequest: ID:2 POS:(5006,4012,809) DIR:(46,89,0) SPD:300
2021-12-14 18:17:37,168 [ 1] INFO  Unity: SetDirection:(27, 96, 0)
2021-12-14 18:17:37,169 [ 1] INFO  Unity: MapEntityUpdateRequest: ID:2 POS:(5013,4026,801) DIR:(46,89,0) SPD:300
2021-12-14 18:17:37,251 [ 1] INFO  Unity: SetDirection:(9, 100, 0)
2021-12-14 18:17:37,251 [ 1] INFO  Unity: MapEntityUpdateRequest: ID:2 POS:(5018,4051,801) DIR:(27,96,0) SPD:300
2021-12-14 18:17:37,350 [ 1] INFO  Unity: SetDirection:(-11, 99, 0)
2021-12-14 18:17:37,351 [ 1] INFO  Unity: MapEntityUpdateRequest: ID:2 POS:(5018,4081,801) DIR:(9,100,0) SPD:300
2021-12-14 18:17:37,449 [ 1] INFO  Unity: SetDirection:(-30, 95, 0)
2021-12-14 18:17:37,450 [ 1] INFO  Unity: MapEntityUpdateRequest: ID:2 POS:(5012,4111,801) DIR:(-11,99,0) SPD:300
2021-12-14 18:17:37,517 [ 1] INFO  Unity: SetPosition:(5014, 4130, 801)
2021-12-14 18:17:37,518 [ 1] INFO  Unity: MapEntityUpdateRequest: ID:2 POS:(5004,4131,801) DIR:(-30,95,0) SPD:300
2021-12-14 18:17:37,598 [ 1] INFO  Unity: SetDirection:(-46, 89, 0)
2021-12-14 18:17:37,599 [ 1] INFO  Unity: MapEntityUpdateRequest: ID:2 POS:(5004,4155,801) DIR:(-30,95,0) SPD:300
2021-12-14 18:17:37,632 [ 1] INFO  Unity: Stop
2021-12-14 18:17:37,632 [ 1] INFO  Unity: MapEntityUpdateRequest: ID:2 POS:(5000,4163,801) DIR:(-46,89,0) SPD:300
2021-12-14 18:17:38,031 [ 1] INFO  Unity: LoadLevel: CharSelect
2021-12-14 18:17:38,032 [ 1] INFO  Unity: UserGameLeaveRequest::
2021-12-14 18:17:38,063 [ 1] INFO  Unity: OnMapCharacterLeave:characterEntityId:2
2021-12-14 18:17:38,064 [ 1] INFO  Unity: RemoveCharacter:EntityID:2
2021-12-14 18:17:38,066 [ 1] INFO  Unity: OnGameLeave:Success [None]
2021-12-14 18:17:38,067 [ 1] INFO  Unity: Character_2_无敌士兵 OnDestroy: entityID:2 POS:(5000, 4163, 801) DIR:(-46, 89, 0) SPD:0
2021-12-14 18:17:38,265 [ 1] INFO  Unity: LevelLoadCompleted:1
2021-12-14 18:17:39,500 [ 1] INFO  Unity: OnDestroy NetworkManager.
2021-12-14 18:17:39,500 [ 1] WARN  Unity: CloseConnection(), errorCode: 1007
UnityEngine.Debug:LogWarning(Object)
Network.NetClient:CloseConnection(Int32) (at Assets/Scripts/Network/NetClient.cs:180)
Network.NetClient:OnDestroy() (at Assets/Scripts/Network/NetClient.cs:175)

